Performing C++ SOURCE FILE Test COMPILER_HAS_DEPRECATED_ATTR failed with the following output:
Change Dir: /home/vic/Escritorio/universidad/materias/taller_i/tps/worms/build/CMakeFiles/CMakeTmp

Run Build Command(s):/usr/bin/gmake -f Makefile cmTC_b683e/fast && /usr/bin/gmake  -f CMakeFiles/cmTC_b683e.dir/build.make CMakeFiles/cmTC_b683e.dir/build
gmake[1]: se entra en el directorio '/home/vic/Escritorio/universidad/materias/taller_i/tps/worms/build/CMakeFiles/CMakeTmp'
Building CXX object CMakeFiles/cmTC_b683e.dir/src.cxx.o
/usr/bin/c++ -DCOMPILER_HAS_DEPRECATED_ATTR  -Wall -O0 -Werror -pedantic -ggdb -DDEBUG -fno-inline  -pthread   -std=c++17 -o CMakeFiles/cmTC_b683e.dir/src.cxx.o -c /home/vic/Escritorio/universidad/materias/taller_i/tps/worms/build/CMakeFiles/CMakeTmp/src.cxx
/home/vic/Escritorio/universidad/materias/taller_i/tps/worms/build/CMakeFiles/CMakeTmp/src.cxx: In function ‘int main()’:
/home/vic/Escritorio/universidad/materias/taller_i/tps/worms/build/CMakeFiles/CMakeTmp/src.cxx:2:33: error: ‘int somefunc()’ is deprecated [-Werror=deprecated-declarations]
    2 |     int main() { return somefunc();}
      |                         ~~~~~~~~^~
/home/vic/Escritorio/universidad/materias/taller_i/tps/worms/build/CMakeFiles/CMakeTmp/src.cxx:1:37: note: declared here
    1 | __attribute__((__deprecated__)) int somefunc() { return 0; }
      |                                     ^~~~~~~~
cc1plus: all warnings being treated as errors
gmake[1]: *** [CMakeFiles/cmTC_b683e.dir/build.make:78: CMakeFiles/cmTC_b683e.dir/src.cxx.o] Error 1
gmake[1]: se sale del directorio '/home/vic/Escritorio/universidad/materias/taller_i/tps/worms/build/CMakeFiles/CMakeTmp'
gmake: *** [Makefile:127: cmTC_b683e/fast] Error 2


Source file was:
__attribute__((__deprecated__)) int somefunc() { return 0; }
    int main() { return somefunc();}
Performing C++ SOURCE FILE Test COMPILER_HAS_DEPRECATED failed with the following output:
Change Dir: /home/vic/Escritorio/universidad/materias/taller_i/tps/worms/build/CMakeFiles/CMakeTmp

Run Build Command(s):/usr/bin/gmake -f Makefile cmTC_d9026/fast && /usr/bin/gmake  -f CMakeFiles/cmTC_d9026.dir/build.make CMakeFiles/cmTC_d9026.dir/build
gmake[1]: se entra en el directorio '/home/vic/Escritorio/universidad/materias/taller_i/tps/worms/build/CMakeFiles/CMakeTmp'
Building CXX object CMakeFiles/cmTC_d9026.dir/src.cxx.o
/usr/bin/c++ -DCOMPILER_HAS_DEPRECATED  -Wall -O0 -Werror -pedantic -ggdb -DDEBUG -fno-inline  -pthread   -std=c++17 -o CMakeFiles/cmTC_d9026.dir/src.cxx.o -c /home/vic/Escritorio/universidad/materias/taller_i/tps/worms/build/CMakeFiles/CMakeTmp/src.cxx
/home/vic/Escritorio/universidad/materias/taller_i/tps/worms/build/CMakeFiles/CMakeTmp/src.cxx:1:11: error: expected constructor, destructor, or type conversion before ‘(’ token
    1 | __declspec(deprecated) int somefunc() { return 0; }
      |           ^
/home/vic/Escritorio/universidad/materias/taller_i/tps/worms/build/CMakeFiles/CMakeTmp/src.cxx: In function ‘int main()’:
/home/vic/Escritorio/universidad/materias/taller_i/tps/worms/build/CMakeFiles/CMakeTmp/src.cxx:2:25: error: ‘somefunc’ was not declared in this scope
    2 |     int main() { return somefunc();}
      |                         ^~~~~~~~
gmake[1]: *** [CMakeFiles/cmTC_d9026.dir/build.make:78: CMakeFiles/cmTC_d9026.dir/src.cxx.o] Error 1
gmake[1]: se sale del directorio '/home/vic/Escritorio/universidad/materias/taller_i/tps/worms/build/CMakeFiles/CMakeTmp'
gmake: *** [Makefile:127: cmTC_d9026/fast] Error 2


Source file was:
__declspec(deprecated) int somefunc() { return 0; }
    int main() { return somefunc();}
